<?xml version="1.0" encoding="UTF-8"?>
<!-- Generated by org.testng.reporters.JUnitXMLReporter -->
<testsuite hostname="DESKTOP-TNEIA9R" ignored="0" name="testCase" tests="9" failures="8" timestamp="10 十二月 2018 11:58:28 GMT" time="205.378" errors="0">
  <testcase name="SearchBk" time="19.392" classname="testCase.SearchbkTest">
    <failure type="org.openqa.selenium.NoSuchFrameException" message="No frame element found by name or id iframe-6
Build info: version: &amp;apos;3.6.0&amp;apos;, revision: &amp;apos;6fbf3ec767&amp;apos;, time: &amp;apos;2017-09-27T16:15:40.131Z&amp;apos;
System info: host: &amp;apos;DESKTOP-TNEIA9R&amp;apos;, ip: &amp;apos;169.254.162.76&amp;apos;, os.name: &amp;apos;Windows 10&amp;apos;, os.arch: &amp;apos;amd64&amp;apos;, os.version: &amp;apos;10.0&amp;apos;, java.version: &amp;apos;1.8.0_191&amp;apos;
Driver info: driver.version: unknown">
      <![CDATA[org.openqa.selenium.NoSuchFrameException: No frame element found by name or id iframe-6
Build info: version: '3.6.0', revision: '6fbf3ec767', time: '2017-09-27T16:15:40.131Z'
System info: host: 'DESKTOP-TNEIA9R', ip: '169.254.162.76', os.name: 'Windows 10', os.arch: 'amd64', os.version: '10.0', java.version: '1.8.0_191'
Driver info: driver.version: unknown
at org.openqa.selenium.remote.RemoteWebDriver$RemoteTargetLocator.frame(RemoteWebDriver.java:925)
at core.WebDriverEngine.enterFrame(WebDriverEngine.java:68)
at testCase.SearchbkTest.SearchBk(SearchbkTest.java:21)
... Removed 25 stack frames]]>
    </failure>
  </testcase> <!-- SearchBk -->
  <testcase name="ReturnCard" time="20.975" classname="testCase.ReturnCardTest">
    <failure type="org.openqa.selenium.NoSuchFrameException" message="No frame element found by name or id iframe-6
Build info: version: &amp;apos;3.6.0&amp;apos;, revision: &amp;apos;6fbf3ec767&amp;apos;, time: &amp;apos;2017-09-27T16:15:40.131Z&amp;apos;
System info: host: &amp;apos;DESKTOP-TNEIA9R&amp;apos;, ip: &amp;apos;169.254.162.76&amp;apos;, os.name: &amp;apos;Windows 10&amp;apos;, os.arch: &amp;apos;amd64&amp;apos;, os.version: &amp;apos;10.0&amp;apos;, java.version: &amp;apos;1.8.0_191&amp;apos;
Driver info: driver.version: unknown">
      <![CDATA[org.openqa.selenium.NoSuchFrameException: No frame element found by name or id iframe-6
Build info: version: '3.6.0', revision: '6fbf3ec767', time: '2017-09-27T16:15:40.131Z'
System info: host: 'DESKTOP-TNEIA9R', ip: '169.254.162.76', os.name: 'Windows 10', os.arch: 'amd64', os.version: '10.0', java.version: '1.8.0_191'
Driver info: driver.version: unknown
at org.openqa.selenium.remote.RemoteWebDriver$RemoteTargetLocator.frame(RemoteWebDriver.java:925)
at core.WebDriverEngine.enterFrame(WebDriverEngine.java:68)
at testCase.ReturnCardTest.ReturnCard(ReturnCardTest.java:21)
... Removed 25 stack frames]]>
    </failure>
  </testcase> <!-- ReturnCard -->
  <testcase name="SwitchThemeTest" time="12.898" classname="testCase.ThemeTest">
    <failure type="java.lang.IllegalArgumentException" message="Must provide a location for a move action.">
      <![CDATA[java.lang.IllegalArgumentException: Must provide a location for a move action.
at org.openqa.selenium.interactions.MoveMouseAction.<init>(MoveMouseAction.java:38)
at org.openqa.selenium.interactions.Actions.moveToElement(Actions.java:388)
at core.WebDriverEngine.mouseoverElement(WebDriverEngine.java:259)
at testCase.ThemeTest.SwitchThemeTest(ThemeTest.java:24)
... Removed 25 stack frames]]>
    </failure>
  </testcase> <!-- SwitchThemeTest -->
  <testcase name="Top" time="20.481" classname="testCase.TopTest">
    <failure type="org.openqa.selenium.NoSuchFrameException" message="No frame element found by name or id iframe-6
Build info: version: &amp;apos;3.6.0&amp;apos;, revision: &amp;apos;6fbf3ec767&amp;apos;, time: &amp;apos;2017-09-27T16:15:40.131Z&amp;apos;
System info: host: &amp;apos;DESKTOP-TNEIA9R&amp;apos;, ip: &amp;apos;169.254.162.76&amp;apos;, os.name: &amp;apos;Windows 10&amp;apos;, os.arch: &amp;apos;amd64&amp;apos;, os.version: &amp;apos;10.0&amp;apos;, java.version: &amp;apos;1.8.0_191&amp;apos;
Driver info: driver.version: unknown">
      <![CDATA[org.openqa.selenium.NoSuchFrameException: No frame element found by name or id iframe-6
Build info: version: '3.6.0', revision: '6fbf3ec767', time: '2017-09-27T16:15:40.131Z'
System info: host: 'DESKTOP-TNEIA9R', ip: '169.254.162.76', os.name: 'Windows 10', os.arch: 'amd64', os.version: '10.0', java.version: '1.8.0_191'
Driver info: driver.version: unknown
at org.openqa.selenium.remote.RemoteWebDriver$RemoteTargetLocator.frame(RemoteWebDriver.java:925)
at core.WebDriverEngine.enterFrame(WebDriverEngine.java:68)
at testCase.TopTest.Top(TopTest.java:20)
... Removed 25 stack frames]]>
    </failure>
  </testcase> <!-- Top -->
  <testcase name="AouncementDelete" time="17.644" classname="testCase.AnnouncementTest">
    <failure type="org.openqa.selenium.NoSuchFrameException" message="No frame element found by name or id iframe-2
Build info: version: &amp;apos;3.6.0&amp;apos;, revision: &amp;apos;6fbf3ec767&amp;apos;, time: &amp;apos;2017-09-27T16:15:40.131Z&amp;apos;
System info: host: &amp;apos;DESKTOP-TNEIA9R&amp;apos;, ip: &amp;apos;169.254.162.76&amp;apos;, os.name: &amp;apos;Windows 10&amp;apos;, os.arch: &amp;apos;amd64&amp;apos;, os.version: &amp;apos;10.0&amp;apos;, java.version: &amp;apos;1.8.0_191&amp;apos;
Driver info: driver.version: unknown">
      <![CDATA[org.openqa.selenium.NoSuchFrameException: No frame element found by name or id iframe-2
Build info: version: '3.6.0', revision: '6fbf3ec767', time: '2017-09-27T16:15:40.131Z'
System info: host: 'DESKTOP-TNEIA9R', ip: '169.254.162.76', os.name: 'Windows 10', os.arch: 'amd64', os.version: '10.0', java.version: '1.8.0_191'
Driver info: driver.version: unknown
at org.openqa.selenium.remote.RemoteWebDriver$RemoteTargetLocator.frame(RemoteWebDriver.java:925)
at core.WebDriverEngine.enterFrame(WebDriverEngine.java:68)
at testCase.AnnouncementTest.AouncementDelete(AnnouncementTest.java:21)
... Removed 25 stack frames]]>
    </failure>
  </testcase> <!-- AouncementDelete -->
  <testcase name="CustomDo" time="17.565" classname="testCase.CustomTest">
    <failure type="org.openqa.selenium.NoSuchFrameException" message="No frame element found by name or id iframe-1
Build info: version: &amp;apos;3.6.0&amp;apos;, revision: &amp;apos;6fbf3ec767&amp;apos;, time: &amp;apos;2017-09-27T16:15:40.131Z&amp;apos;
System info: host: &amp;apos;DESKTOP-TNEIA9R&amp;apos;, ip: &amp;apos;169.254.162.76&amp;apos;, os.name: &amp;apos;Windows 10&amp;apos;, os.arch: &amp;apos;amd64&amp;apos;, os.version: &amp;apos;10.0&amp;apos;, java.version: &amp;apos;1.8.0_191&amp;apos;
Driver info: driver.version: unknown">
      <![CDATA[org.openqa.selenium.NoSuchFrameException: No frame element found by name or id iframe-1
Build info: version: '3.6.0', revision: '6fbf3ec767', time: '2017-09-27T16:15:40.131Z'
System info: host: 'DESKTOP-TNEIA9R', ip: '169.254.162.76', os.name: 'Windows 10', os.arch: 'amd64', os.version: '10.0', java.version: '1.8.0_191'
Driver info: driver.version: unknown
at org.openqa.selenium.remote.RemoteWebDriver$RemoteTargetLocator.frame(RemoteWebDriver.java:925)
at core.WebDriverEngine.enterFrame(WebDriverEngine.java:68)
at testCase.CustomTest.CustomDo(CustomTest.java:22)
... Removed 25 stack frames]]>
    </failure>
  </testcase> <!-- CustomDo -->
  <testcase name="ContactTry" time="51.142" classname="testCase.ContactTest"/>
  <testcase name="LoginRanZhi" time="18.714" classname="testCase.bk_ranzhiTest">
    <failure type="org.openqa.selenium.NoSuchFrameException" message="No frame element found by name or id iframe-6
Build info: version: &amp;apos;3.6.0&amp;apos;, revision: &amp;apos;6fbf3ec767&amp;apos;, time: &amp;apos;2017-09-27T16:15:40.131Z&amp;apos;
System info: host: &amp;apos;DESKTOP-TNEIA9R&amp;apos;, ip: &amp;apos;169.254.162.76&amp;apos;, os.name: &amp;apos;Windows 10&amp;apos;, os.arch: &amp;apos;amd64&amp;apos;, os.version: &amp;apos;10.0&amp;apos;, java.version: &amp;apos;1.8.0_191&amp;apos;
Driver info: driver.version: unknown">
      <![CDATA[org.openqa.selenium.NoSuchFrameException: No frame element found by name or id iframe-6
Build info: version: '3.6.0', revision: '6fbf3ec767', time: '2017-09-27T16:15:40.131Z'
System info: host: 'DESKTOP-TNEIA9R', ip: '169.254.162.76', os.name: 'Windows 10', os.arch: 'amd64', os.version: '10.0', java.version: '1.8.0_191'
Driver info: driver.version: unknown
at org.openqa.selenium.remote.RemoteWebDriver$RemoteTargetLocator.frame(RemoteWebDriver.java:925)
at core.WebDriverEngine.enterFrame(WebDriverEngine.java:68)
at testCase.bk_ranzhiTest.LoginRanZhi(bk_ranzhiTest.java:26)
... Removed 25 stack frames]]>
    </failure>
  </testcase> <!-- LoginRanZhi -->
  <testcase name="LoginRanZhi" time="18.778" classname="testCase.DepartmentTest">
    <failure type="org.openqa.selenium.NoSuchFrameException" message="No frame element found by name or id iframe-superadmin
Build info: version: &amp;apos;3.6.0&amp;apos;, revision: &amp;apos;6fbf3ec767&amp;apos;, time: &amp;apos;2017-09-27T16:15:40.131Z&amp;apos;
System info: host: &amp;apos;DESKTOP-TNEIA9R&amp;apos;, ip: &amp;apos;169.254.162.76&amp;apos;, os.name: &amp;apos;Windows 10&amp;apos;, os.arch: &amp;apos;amd64&amp;apos;, os.version: &amp;apos;10.0&amp;apos;, java.version: &amp;apos;1.8.0_191&amp;apos;
Driver info: driver.version: unknown">
      <![CDATA[org.openqa.selenium.NoSuchFrameException: No frame element found by name or id iframe-superadmin
Build info: version: '3.6.0', revision: '6fbf3ec767', time: '2017-09-27T16:15:40.131Z'
System info: host: 'DESKTOP-TNEIA9R', ip: '169.254.162.76', os.name: 'Windows 10', os.arch: 'amd64', os.version: '10.0', java.version: '1.8.0_191'
Driver info: driver.version: unknown
at org.openqa.selenium.remote.RemoteWebDriver$RemoteTargetLocator.frame(RemoteWebDriver.java:925)
at core.WebDriverEngine.enterFrame(WebDriverEngine.java:68)
at testCase.DepartmentTest.LoginRanZhi(DepartmentTest.java:22)
... Removed 25 stack frames]]>
    </failure>
  </testcase> <!-- LoginRanZhi -->
</testsuite> <!-- testCase -->
